<?xml version="1.0" encoding="UTF-8"?>
<testng-results ignored="0" total="1" passed="1" failed="0" skipped="0">
  <reporter-output>
  </reporter-output>
  <suite started-at="2022-05-04T18:32:20 IST" name="Default suite" finished-at="2022-05-04T18:33:07 IST" duration-ms="46671">
    <groups>
    </groups>
    <test started-at="2022-05-04T18:32:20 IST" name="Default test" finished-at="2022-05-04T18:33:07 IST" duration-ms="46671">
      <class name="com.amazon.TestClasses.OpenLinkTestClass">
        <test-method is-config="true" signature="setUpMethod()[pri:0, instance:com.amazon.TestClasses.OpenLinkTestClass@7e5afaa6]" started-at="2022-05-04T18:32:21 IST" name="setUpMethod" finished-at="2022-05-04T18:32:56 IST" duration-ms="35214" status="PASS">
          <reporter-output>
          </reporter-output>
        </test-method> <!-- setUpMethod -->
        <test-method signature="linkOpen()[pri:0, instance:com.amazon.TestClasses.OpenLinkTestClass@7e5afaa6]" started-at="2022-05-04T18:32:56 IST" name="linkOpen" finished-at="2022-05-04T18:33:07 IST" duration-ms="11324" status="PASS">
          <reporter-output>
          </reporter-output>
        </test-method> <!-- linkOpen -->
      </class> <!-- com.amazon.TestClasses.OpenLinkTestClass -->
    </test> <!-- Default test -->
  </suite> <!-- Default suite -->
</testng-results>
